Initializing application...
Application initialized
Initializing application...
Application initialized
Initializing application...
Application initialized
Initializing application...
Application initialized
Successful authentication of user: test at 1636980069368 
Initializing application...
Application initialized
Successful authentication of user: test at 1636980202549
Initializing application...
Application initialized
Initializing application...
Application initialized
Successful authentication of user: test at 1636999590772
Initializing application...
Application initialized
Successful authentication of user: test at 1636999650333
Loading Create Bank Account Screen
Loading Session User
Initializing application...
Application initialized
Successful authentication of user: test at 1637000291191
Loading Create Bank Account Screen
Loading Session User
